<?xml version="1.0" encoding="UTF-8"?>
<testsuite name="com.crud.library.ExemplarControllerTest" tests="1" skipped="0" failures="0" errors="0" timestamp="2021-10-09T23:42:39" hostname="DESKTOP-POJIMKF" time="0.396">
  <properties/>
  <testcase name="shouldAddExemplar()" classname="com.crud.library.ExemplarControllerTest" time="0.396"/>
  <system-out><![CDATA[01:42:31.074 [Test worker] DEBUG org.springframework.test.context.BootstrapUtils - Instantiating CacheAwareContextLoaderDelegate from class [org.springframework.test.context.cache.DefaultCacheAwareContextLoaderDelegate]
01:42:31.095 [Test worker] DEBUG org.springframework.test.context.BootstrapUtils - Instantiating BootstrapContext using constructor [public org.springframework.test.context.support.DefaultBootstrapContext(java.lang.Class,org.springframework.test.context.CacheAwareContextLoaderDelegate)]
01:42:31.151 [Test worker] DEBUG org.springframework.test.context.BootstrapUtils - Instantiating TestContextBootstrapper for test class [com.crud.library.ExemplarControllerTest] from class [org.springframework.boot.test.context.SpringBootTestContextBootstrapper]
01:42:31.168 [Test worker] INFO org.springframework.boot.test.context.SpringBootTestContextBootstrapper - Neither @ContextConfiguration nor @ContextHierarchy found for test class [com.crud.library.ExemplarControllerTest], using SpringBootContextLoader
01:42:31.177 [Test worker] DEBUG org.springframework.test.context.support.AbstractContextLoader - Did not detect default resource location for test class [com.crud.library.ExemplarControllerTest]: class path resource [com/crud/library/ExemplarControllerTest-context.xml] does not exist
01:42:31.178 [Test worker] DEBUG org.springframework.test.context.support.AbstractContextLoader - Did not detect default resource location for test class [com.crud.library.ExemplarControllerTest]: class path resource [com/crud/library/ExemplarControllerTestContext.groovy] does not exist
01:42:31.178 [Test worker] INFO org.springframework.test.context.support.AbstractContextLoader - Could not detect default resource locations for test class [com.crud.library.ExemplarControllerTest]: no resource found for suffixes {-context.xml, Context.groovy}.
01:42:31.179 [Test worker] INFO org.springframework.test.context.support.AnnotationConfigContextLoaderUtils - Could not detect default configuration classes for test class [com.crud.library.ExemplarControllerTest]: ExemplarControllerTest does not declare any static, non-private, non-final, nested classes annotated with @Configuration.
01:42:31.285 [Test worker] DEBUG org.springframework.test.context.support.ActiveProfilesUtils - Could not find an 'annotation declaring class' for annotation type [org.springframework.test.context.ActiveProfiles] and class [com.crud.library.ExemplarControllerTest]
01:42:31.371 [Test worker] DEBUG org.springframework.context.annotation.ClassPathScanningCandidateComponentProvider - Identified candidate component class: file [C:\JavaProjects\library\build\classes\java\main\com\crud\library\LibraryApplication.class]
01:42:31.372 [Test worker] INFO org.springframework.boot.test.context.SpringBootTestContextBootstrapper - Found @SpringBootConfiguration com.crud.library.LibraryApplication for test class com.crud.library.ExemplarControllerTest
01:42:31.522 [Test worker] DEBUG org.springframework.boot.test.context.SpringBootTestContextBootstrapper - @TestExecutionListeners is not present for class [com.crud.library.ExemplarControllerTest]: using defaults.
01:42:31.523 [Test worker] INFO org.springframework.boot.test.context.SpringBootTestContextBootstrapper - Loaded default TestExecutionListener class names from location [META-INF/spring.factories]: [org.springframework.boot.test.autoconfigure.restdocs.RestDocsTestExecutionListener, org.springframework.boot.test.autoconfigure.web.client.MockRestServiceServerResetTestExecutionListener, org.springframework.boot.test.autoconfigure.web.servlet.MockMvcPrintOnlyOnFailureTestExecutionListener, org.springframework.boot.test.autoconfigure.web.servlet.WebDriverTestExecutionListener, org.springframework.boot.test.autoconfigure.webservices.client.MockWebServiceServerTestExecutionListener, org.springframework.boot.test.mock.mockito.MockitoTestExecutionListener, org.springframework.boot.test.mock.mockito.ResetMocksTestExecutionListener, org.springframework.test.context.web.ServletTestExecutionListener, org.springframework.test.context.support.DirtiesContextBeforeModesTestExecutionListener, org.springframework.test.context.event.ApplicationEventsTestExecutionListener, org.springframework.test.context.support.DependencyInjectionTestExecutionListener, org.springframework.test.context.support.DirtiesContextTestExecutionListener, org.springframework.test.context.transaction.TransactionalTestExecutionListener, org.springframework.test.context.jdbc.SqlScriptsTestExecutionListener, org.springframework.test.context.event.EventPublishingTestExecutionListener]
01:42:31.557 [Test worker] INFO org.springframework.boot.test.context.SpringBootTestContextBootstrapper - Using TestExecutionListeners: [org.springframework.test.context.web.ServletTestExecutionListener@3a80515c, org.springframework.test.context.support.DirtiesContextBeforeModesTestExecutionListener@547e29a4, org.springframework.test.context.event.ApplicationEventsTestExecutionListener@1c807b1d, org.springframework.boot.test.mock.mockito.MockitoTestExecutionListener@238b521e, org.springframework.boot.test.autoconfigure.SpringBootDependencyInjectionTestExecutionListener@1b39fd82, org.springframework.test.context.support.DirtiesContextTestExecutionListener@3e2fc448, org.springframework.test.context.transaction.TransactionalTestExecutionListener@21680803, org.springframework.test.context.jdbc.SqlScriptsTestExecutionListener@588ab592, org.springframework.test.context.event.EventPublishingTestExecutionListener@c8b96ec, org.springframework.boot.test.autoconfigure.restdocs.RestDocsTestExecutionListener@4cc61eb1, org.springframework.boot.test.autoconfigure.web.client.MockRestServiceServerResetTestExecutionListener@2d8f2f3a, org.springframework.boot.test.autoconfigure.web.servlet.MockMvcPrintOnlyOnFailureTestExecutionListener@2024293c, org.springframework.boot.test.autoconfigure.web.servlet.WebDriverTestExecutionListener@7048f722, org.springframework.boot.test.autoconfigure.webservices.client.MockWebServiceServerTestExecutionListener@c074c0c, org.springframework.boot.test.mock.mockito.ResetMocksTestExecutionListener@58a55449]
01:42:31.566 [Test worker] DEBUG org.springframework.test.context.support.AbstractDirtiesContextTestExecutionListener - Before test class: context [DefaultTestContext@29d2d081 testClass = ExemplarControllerTest, testInstance = [null], testMethod = [null], testException = [null], mergedContextConfiguration = [WebMergedContextConfiguration@40e4ea87 testClass = ExemplarControllerTest, locations = '{}', classes = '{class com.crud.library.LibraryApplication}', contextInitializerClasses = '[]', activeProfiles = '{}', propertySourceLocations = '{classpath:application-test.properties}', propertySourceProperties = '{org.springframework.boot.test.context.SpringBootTestContextBootstrapper=true}', contextCustomizers = set[org.springframework.boot.test.autoconfigure.actuate.metrics.MetricsExportContextCustomizerFactory$DisableMetricExportContextCustomizer@1cbf6e72, org.springframework.boot.test.autoconfigure.properties.PropertyMappingContextCustomizer@0, org.springframework.boot.test.autoconfigure.web.servlet.WebDriverContextCustomizerFactory$Customizer@56a4479a, [ImportsContextCustomizer@58783f6c key = [@org.springframework.boot.autoconfigure.domain.EntityScan(basePackages={"com.crud.library"}, value={}, basePackageClasses={}), @org.springframework.context.annotation.Import(value={org.springframework.boot.autoconfigure.domain.EntityScanPackages$Registrar.class}), @org.springframework.test.context.BootstrapWith(value=org.springframework.boot.test.context.SpringBootTestContextBootstrapper.class), @org.junit.jupiter.api.extension.ExtendWith(value={org.springframework.test.context.junit.jupiter.SpringExtension.class}), @org.springframework.boot.test.context.SpringBootTest(args={}, webEnvironment=MOCK, value={}, properties={}, classes={}), @org.springframework.test.context.TestPropertySource(locations={}, value={"classpath:application-test.properties"}, inheritProperties=true, properties={}, inheritLocations=true), @org.apiguardian.api.API(consumers={"*"}, since="5.0", status=STABLE), @javax.transaction.Transactional(value=REQUIRED, rollbackOn={}, dontRollbackOn={})]], org.springframework.boot.test.context.filter.ExcludeFilterContextCustomizer@2bb7bd00, org.springframework.boot.test.json.DuplicateJsonObjectContextCustomizerFactory$DuplicateJsonObjectContextCustomizer@45c8d09f, org.springframework.boot.test.mock.mockito.MockitoContextCustomizer@0, org.springframework.boot.test.web.client.TestRestTemplateContextCustomizer@fd8294b, org.springframework.boot.test.context.SpringBootTestArgs@1, org.springframework.boot.test.context.SpringBootTestWebEnvironment@7ba8c737], resourceBasePath = 'src/main/webapp', contextLoader = 'org.springframework.boot.test.context.SpringBootContextLoader', parent = [null]], attributes = map['org.springframework.test.context.web.ServletTestExecutionListener.activateListener' -> true]], class annotated with @DirtiesContext [false] with mode [null].
01:42:31.609 [Test worker] DEBUG org.springframework.test.context.support.TestPropertySourceUtils - Adding inlined properties to environment: {spring.jmx.enabled=false, org.springframework.boot.test.context.SpringBootTestContextBootstrapper=true}

  .   ____          _            __ _ _
 /\\ / ___'_ __ _ _(_)_ __  __ _ \ \ \ \
( ( )\___ | '_ | '_| | '_ \/ _` | \ \ \ \
 \\/  ___)| |_)| | | | | || (_| |  ) ) ) )
  '  |____| .__|_| |_|_| |_\__, | / / / /
 =========|_|==============|___/=/_/_/_/
 :: Spring Boot ::                (v2.5.5)

2021-10-10 01:42:32.071  INFO 25272 --- [    Test worker] com.crud.library.ExemplarControllerTest  : Starting ExemplarControllerTest using Java 11.0.5 on DESKTOP-POJIMKF with PID 25272 (started by Demo in C:\JavaProjects\library)
2021-10-10 01:42:32.074  INFO 25272 --- [    Test worker] com.crud.library.ExemplarControllerTest  : No active profile set, falling back to default profiles: default
2021-10-10 01:42:33.397  INFO 25272 --- [    Test worker] .s.d.r.c.RepositoryConfigurationDelegate : Bootstrapping Spring Data JPA repositories in DEFAULT mode.
2021-10-10 01:42:33.500  INFO 25272 --- [    Test worker] .s.d.r.c.RepositoryConfigurationDelegate : Finished Spring Data repository scanning in 92 ms. Found 4 JPA repository interfaces.
2021-10-10 01:42:34.465  INFO 25272 --- [    Test worker] o.hibernate.jpa.internal.util.LogHelper  : HHH000204: Processing PersistenceUnitInfo [name: default]
2021-10-10 01:42:34.582  INFO 25272 --- [    Test worker] org.hibernate.Version                    : HHH000412: Hibernate ORM core version 5.4.32.Final
2021-10-10 01:42:34.853  INFO 25272 --- [    Test worker] o.hibernate.annotations.common.Version   : HCANN000001: Hibernate Commons Annotations {5.1.2.Final}
2021-10-10 01:42:35.119  INFO 25272 --- [    Test worker] com.zaxxer.hikari.HikariDataSource       : HikariPool-1 - Starting...
2021-10-10 01:42:35.524  INFO 25272 --- [    Test worker] com.zaxxer.hikari.HikariDataSource       : HikariPool-1 - Start completed.
2021-10-10 01:42:35.571  INFO 25272 --- [    Test worker] org.hibernate.dialect.Dialect            : HHH000400: Using dialect: org.hibernate.dialect.H2Dialect
Hibernate: create table books (id bigint not null, author varchar(255), title varchar(255), year integer not null, primary key (id))
Hibernate: create table exemplars (id bigint not null, status varchar(255), book_id bigint, primary key (id))
Hibernate: create table rentals (id bigint not null, rent_date date, return_date date, exemplar_id bigint, user_id bigint, primary key (id))
Hibernate: create table users (id bigint not null, date date, last_name varchar(255), name varchar(255), primary key (id))
Hibernate: create sequence hibernate_sequence start with 1 increment by 1
Hibernate: alter table exemplars add constraint FK448lvf4py76nvbn5cc647gl0f foreign key (book_id) references books
Hibernate: alter table rentals add constraint FKhh5y80x99iu77dycxqaay10bu foreign key (exemplar_id) references exemplars
Hibernate: alter table rentals add constraint FKtnhd1objf2mlb6ag6k726u269 foreign key (user_id) references users
2021-10-10 01:42:37.090  INFO 25272 --- [    Test worker] o.h.e.t.j.p.i.JtaPlatformInitiator       : HHH000490: Using JtaPlatform implementation: [org.hibernate.engine.transaction.jta.platform.internal.NoJtaPlatform]
2021-10-10 01:42:37.105  INFO 25272 --- [    Test worker] j.LocalContainerEntityManagerFactoryBean : Initialized JPA EntityManagerFactory for persistence unit 'default'
2021-10-10 01:42:38.310  WARN 25272 --- [    Test worker] JpaBaseConfiguration$JpaWebConfiguration : spring.jpa.open-in-view is enabled by default. Therefore, database queries may be performed during view rendering. Explicitly configure spring.jpa.open-in-view to disable this warning
2021-10-10 01:42:39.492  INFO 25272 --- [    Test worker] com.crud.library.ExemplarControllerTest  : Started ExemplarControllerTest in 7.866 seconds (JVM running for 9.804)
2021-10-10 01:42:39.560  INFO 25272 --- [    Test worker] o.s.t.c.transaction.TransactionContext   : Began transaction (1) for test context [DefaultTestContext@29d2d081 testClass = ExemplarControllerTest, testInstance = com.crud.library.ExemplarControllerTest@5af1b221, testMethod = shouldAddExemplar@ExemplarControllerTest, testException = [null], mergedContextConfiguration = [WebMergedContextConfiguration@40e4ea87 testClass = ExemplarControllerTest, locations = '{}', classes = '{class com.crud.library.LibraryApplication}', contextInitializerClasses = '[]', activeProfiles = '{}', propertySourceLocations = '{classpath:application-test.properties}', propertySourceProperties = '{org.springframework.boot.test.context.SpringBootTestContextBootstrapper=true}', contextCustomizers = set[org.springframework.boot.test.autoconfigure.actuate.metrics.MetricsExportContextCustomizerFactory$DisableMetricExportContextCustomizer@1cbf6e72, org.springframework.boot.test.autoconfigure.properties.PropertyMappingContextCustomizer@0, org.springframework.boot.test.autoconfigure.web.servlet.WebDriverContextCustomizerFactory$Customizer@56a4479a, [ImportsContextCustomizer@58783f6c key = [@org.springframework.boot.autoconfigure.domain.EntityScan(basePackages={"com.crud.library"}, value={}, basePackageClasses={}), @org.springframework.context.annotation.Import(value={org.springframework.boot.autoconfigure.domain.EntityScanPackages$Registrar.class}), @org.springframework.test.context.BootstrapWith(value=org.springframework.boot.test.context.SpringBootTestContextBootstrapper.class), @org.junit.jupiter.api.extension.ExtendWith(value={org.springframework.test.context.junit.jupiter.SpringExtension.class}), @org.springframework.boot.test.context.SpringBootTest(args={}, webEnvironment=MOCK, value={}, properties={}, classes={}), @org.springframework.test.context.TestPropertySource(locations={}, value={"classpath:application-test.properties"}, inheritProperties=true, properties={}, inheritLocations=true), @org.apiguardian.api.API(consumers={"*"}, since="5.0", status=STABLE), @javax.transaction.Transactional(value=REQUIRED, rollbackOn={}, dontRollbackOn={})]], org.springframework.boot.test.context.filter.ExcludeFilterContextCustomizer@2bb7bd00, org.springframework.boot.test.json.DuplicateJsonObjectContextCustomizerFactory$DuplicateJsonObjectContextCustomizer@45c8d09f, org.springframework.boot.test.mock.mockito.MockitoContextCustomizer@0, org.springframework.boot.test.web.client.TestRestTemplateContextCustomizer@fd8294b, org.springframework.boot.test.context.SpringBootTestArgs@1, org.springframework.boot.test.context.SpringBootTestWebEnvironment@7ba8c737], resourceBasePath = 'src/main/webapp', contextLoader = 'org.springframework.boot.test.context.SpringBootContextLoader', parent = [null]], attributes = map['org.springframework.test.context.web.ServletTestExecutionListener.activateListener' -> true, 'org.springframework.test.context.web.ServletTestExecutionListener.populatedRequestContextHolder' -> true, 'org.springframework.test.context.web.ServletTestExecutionListener.resetRequestContextHolder' -> true, 'org.springframework.test.context.event.ApplicationEventsTestExecutionListener.recordApplicationEvents' -> false]]; transaction manager [org.springframework.orm.jpa.JpaTransactionManager@2ecd2aa4]; rollback [true]
Hibernate: call next value for hibernate_sequence
Hibernate: call next value for hibernate_sequence
2021-10-10 01:42:39.917  INFO 25272 --- [    Test worker] o.s.t.c.transaction.TransactionContext   : Rolled back transaction for test: [DefaultTestContext@29d2d081 testClass = ExemplarControllerTest, testInstance = com.crud.library.ExemplarControllerTest@5af1b221, testMethod = shouldAddExemplar@ExemplarControllerTest, testException = [null], mergedContextConfiguration = [WebMergedContextConfiguration@40e4ea87 testClass = ExemplarControllerTest, locations = '{}', classes = '{class com.crud.library.LibraryApplication}', contextInitializerClasses = '[]', activeProfiles = '{}', propertySourceLocations = '{classpath:application-test.properties}', propertySourceProperties = '{org.springframework.boot.test.context.SpringBootTestContextBootstrapper=true}', contextCustomizers = set[org.springframework.boot.test.autoconfigure.actuate.metrics.MetricsExportContextCustomizerFactory$DisableMetricExportContextCustomizer@1cbf6e72, org.springframework.boot.test.autoconfigure.properties.PropertyMappingContextCustomizer@0, org.springframework.boot.test.autoconfigure.web.servlet.WebDriverContextCustomizerFactory$Customizer@56a4479a, [ImportsContextCustomizer@58783f6c key = [@org.springframework.boot.autoconfigure.domain.EntityScan(basePackages={"com.crud.library"}, value={}, basePackageClasses={}), @org.springframework.context.annotation.Import(value={org.springframework.boot.autoconfigure.domain.EntityScanPackages$Registrar.class}), @org.springframework.test.context.BootstrapWith(value=org.springframework.boot.test.context.SpringBootTestContextBootstrapper.class), @org.junit.jupiter.api.extension.ExtendWith(value={org.springframework.test.context.junit.jupiter.SpringExtension.class}), @org.springframework.boot.test.context.SpringBootTest(args={}, webEnvironment=MOCK, value={}, properties={}, classes={}), @org.springframework.test.context.TestPropertySource(locations={}, value={"classpath:application-test.properties"}, inheritProperties=true, properties={}, inheritLocations=true), @org.apiguardian.api.API(consumers={"*"}, since="5.0", status=STABLE), @javax.transaction.Transactional(value=REQUIRED, rollbackOn={}, dontRollbackOn={})]], org.springframework.boot.test.context.filter.ExcludeFilterContextCustomizer@2bb7bd00, org.springframework.boot.test.json.DuplicateJsonObjectContextCustomizerFactory$DuplicateJsonObjectContextCustomizer@45c8d09f, org.springframework.boot.test.mock.mockito.MockitoContextCustomizer@0, org.springframework.boot.test.web.client.TestRestTemplateContextCustomizer@fd8294b, org.springframework.boot.test.context.SpringBootTestArgs@1, org.springframework.boot.test.context.SpringBootTestWebEnvironment@7ba8c737], resourceBasePath = 'src/main/webapp', contextLoader = 'org.springframework.boot.test.context.SpringBootContextLoader', parent = [null]], attributes = map['org.springframework.test.context.web.ServletTestExecutionListener.activateListener' -> true, 'org.springframework.test.context.web.ServletTestExecutionListener.populatedRequestContextHolder' -> true, 'org.springframework.test.context.web.ServletTestExecutionListener.resetRequestContextHolder' -> true, 'org.springframework.test.context.event.ApplicationEventsTestExecutionListener.recordApplicationEvents' -> false]]
]]></system-out>
  <system-err><![CDATA[]]></system-err>
</testsuite>
